<?xml version="1.0" encoding="utf-8"?><testsuites name="pytest tests"><testsuite name="pytest" errors="0" failures="1" skipped="0" tests="23" time="5.693" timestamp="2026-06-25T15:28:04.235023+00:00" hostname="agent-env-6dbf127a-ca94-4fb3-8888-17e55939c2dc"><testcase classname="tests.backend_test.TestWhispers" name="test_create_whisper_unauth" time="0.438" /><testcase classname="tests.backend_test.TestAuth" name="test_register_creates_user_and_sets_cookie" time="0.432"><failure message="AssertionError: assert 'test_reg_cc0...1@fisilti.com' == 'TEST_reg_cc0...1@fisilti.com'&#10;  &#10;  - TEST_reg_cc06b141@fisilti.com&#10;  ? ^^^^&#10;  + test_reg_cc06b141@fisilti.com&#10;  ? ^^^^">backend/tests/backend_test.py:80: in test_register_creates_user_and_sets_cookie
    assert data["user"]["email"] == email
E   AssertionError: assert 'test_reg_cc0...1@fisilti.com' == 'TEST_reg_cc0...1@fisilti.com'
E     
E     - TEST_reg_cc06b141@fisilti.com
E     ? ^^^^
E     + test_reg_cc06b141@fisilti.com
E     ? ^^^^</failure></testcase><testcase classname="tests.backend_test.TestAuth" name="test_register_duplicate_email" time="0.750" /><testcase classname="tests.backend_test.TestWhispers" name="test_create_whisper_invalid_category" time="0.704" /><testcase classname="tests.backend_test.TestWhispers" name="test_create_and_get_whisper" time="0.120" /><testcase classname="tests.backend_test.TestAuth" name="test_login_admin" time="0.549" /><testcase classname="tests.backend_test.TestWhispers" name="test_get_whisper_not_found" time="0.212" /><testcase classname="tests.backend_test.TestWhispers" name="test_list_with_filter_and_sort" time="1.101" /><testcase classname="tests.backend_test.TestAuth" name="test_login_wrong_password" time="0.349" /><testcase classname="tests.backend_test.TestAuth" name="test_me_with_cookie" time="0.405" /><testcase classname="tests.backend_test.TestAuth" name="test_me_without_cookie" time="0.105" /><testcase classname="tests.backend_test.TestAuth" name="test_logout_clears_session" time="0.614" /><testcase classname="tests.backend_test.TestWhispers" name="test_delete_non_owner_forbidden" time="0.647" /><testcase classname="tests.backend_test.TestWhispers" name="test_delete_owner" time="0.247" /><testcase classname="tests.backend_test.TestHealth" name="test_root" time="0.098" /><testcase classname="tests.backend_test.TestHealth" name="test_categories" time="0.101" /><testcase classname="tests.backend_test.TestComments" name="test_create_and_list_comments" time="0.530" /><testcase classname="tests.backend_test.TestWhispers" name="test_admin_can_delete_any" time="0.433" /><testcase classname="tests.backend_test.TestVote" name="test_vote_flow" time="0.314" /><testcase classname="tests.backend_test.TestComments" name="test_create_comment_unauth" time="0.209" /><testcase classname="tests.backend_test.TestProfile" name="test_user_stats" time="0.054" /><testcase classname="tests.backend_test.TestProfile" name="test_user_whispers" time="0.906" /><testcase classname="tests.backend_test.TestVote" name="test_vote_unauth" time="0.231" /></testsuite></testsuites>