<?xml version="1.0" encoding="utf-8"?><testsuites name="pytest tests"><testsuite name="pytest" errors="0" failures="2" skipped="0" tests="16" time="12.386" timestamp="2026-06-26T16:32:43.700147+00:00" hostname="agent-env-6dbf127a-ca94-4fb3-8888-17e55939c2dc"><testcase classname="tests.test_new_features.TestHashtags" name="test_trending_returns_array" time="0.491" /><testcase classname="tests.test_new_features.TestReports" name="test_report_unauth" time="3.113" /><testcase classname="tests.test_new_features.TestHashtags" name="test_create_whisper_extracts_hashtags" time="1.528" /><testcase classname="tests.test_new_features.TestHashtags" name="test_filter_whispers_by_hashtag" time="2.349" /><testcase classname="tests.test_new_features.TestReports" name="test_report_and_duplicate" time="1.784" /><testcase classname="tests.test_new_features.TestNotifications" name="test_follow_creates_notification" time="0.514" /><testcase classname="tests.test_new_features.TestNotifications" name="test_comment_creates_notification" time="1.673" /><testcase classname="tests.test_new_features.TestReports" name="test_admin_list_reports" time="0.390" /><testcase classname="tests.test_new_features.TestReports" name="test_admin_reports_forbidden_for_normal_user" time="0.055" /><testcase classname="tests.test_new_features.TestAdminModeration" name="test_hide_then_approve_then_delete" time="1.953"><failure message="TypeError: string indices must be integers, not 'str'">backend/tests/test_new_features.py:201: in test_hide_then_approve_then_delete
    assert all(w["whisper_id"] != wid for w in feed), "hidden whisper should not be in /api/whispers"
           ^^^^^^^^^^^^^^^^^^^^^^^^^^^^^^^^^^^^^^^^^
backend/tests/test_new_features.py:201: in &lt;genexpr&gt;
    assert all(w["whisper_id"] != wid for w in feed), "hidden whisper should not be in /api/whispers"
               ^^^^^^^^^^^^^^^
E   TypeError: string indices must be integers, not 'str'</failure></testcase><testcase classname="tests.test_new_features.TestNotifications" name="test_mark_read" time="0.181" /><testcase classname="tests.test_new_features.TestBoost" name="test_packages" time="0.128" /><testcase classname="tests.test_new_features.TestBoost" name="test_checkout_non_owner_forbidden" time="2.383" /><testcase classname="tests.test_new_features.TestAdminModeration" name="test_sponsored_create_and_visible" time="0.156"><failure message="AssertionError: {&quot;detail&quot;:[{&quot;type&quot;:&quot;missing&quot;,&quot;loc&quot;:[&quot;body&quot;,&quot;sponsor_name&quot;],&quot;msg&quot;:&quot;Field required&quot;,&quot;input&quot;:{&quot;content&quot;:&quot;Sponsorlu reklam fısıltısı&quot;,&quot;category&quot;:&quot;diger&quot;},&quot;url&quot;:&quot;https://errors.pydantic.dev/2.13/v/missing&quot;}]}&#10;assert 422 == 200&#10; +  where 422 = &lt;Response [422]&gt;.status_code">backend/tests/test_new_features.py:228: in test_sponsored_create_and_visible
    assert rc.status_code == 200, rc.text
E   AssertionError: {"detail":[{"type":"missing","loc":["body","sponsor_name"],"msg":"Field required","input":{"content":"Sponsorlu reklam fısıltısı","category":"diger"},"url":"https://errors.pydantic.dev/2.13/v/missing"}]}
E   assert 422 == 200
E    +  where 422 = &lt;Response [422]&gt;.status_code</failure></testcase><testcase classname="tests.test_new_features.TestModeration" name="test_benign_gossip_approved" time="1.090" /><testcase classname="tests.test_new_features.TestBoost" name="test_checkout_owner_creates_session_and_transaction" time="2.447" /></testsuite></testsuites>